[0m16:18:03.409593 [debug] [MainThread]: Sending event: {'category': 'dbt', 'action': 'invocation', 'label': 'start', 'context': [<snowplow_tracker.self_describing_json.SelfDescribingJson object at 0x7efe7f1d8a30>, <snowplow_tracker.self_describing_json.SelfDescribingJson object at 0x7efe7df5ef20>, <snowplow_tracker.self_describing_json.SelfDescribingJson object at 0x7efe7df5efb0>]}


============================== 16:18:03.417873 | 0e3363cb-005c-4eea-8d6f-ecb64fe5dd6f ==============================
[0m16:18:03.417873 [info ] [MainThread]: Running with dbt=1.5.3
[0m16:18:03.418617 [debug] [MainThread]: running dbt with arguments {'printer_width': '80', 'indirect_selection': 'eager', 'write_json': 'True', 'log_cache_events': 'False', 'partial_parse': 'True', 'cache_selected_only': 'False', 'profiles_dir': '/home/nayara/.dbt', 'fail_fast': 'False', 'warn_error': 'None', 'log_path': 'logs', 'version_check': 'True', 'debug': 'False', 'use_colors': 'True', 'use_experimental_parser': 'False', 'no_print': 'None', 'quiet': 'False', 'log_format': 'default', 'static_parser': 'True', 'warn_error_options': 'WarnErrorOptions(include=[], exclude=[])', 'introspect': 'True', 'target_path': 'None', 'send_anonymous_usage_stats': 'True'}
[0m16:19:08.374749 [debug] [MainThread]: Starter project path: /home/nayara/.local/lib/python3.10/site-packages/dbt/include/starter_project
[0m16:21:01.172860 [info ] [MainThread]: Profile exit written to /home/nayara/.dbt/profiles.yml using target's profile_template.yml and your supplied values. Run 'dbt debug' to validate the connection.
[0m16:21:01.175162 [info ] [MainThread]: 
Your new dbt project "exit" was created!

For more information on how to configure the profiles.yml file,
please consult the dbt documentation here:

  https://docs.getdbt.com/docs/configure-your-profile

One more thing:

Need help? Don't hesitate to reach out to us via GitHub issues or on Slack:

  https://community.getdbt.com/

Happy modeling!

[0m16:21:01.177122 [debug] [MainThread]: Command `dbt init` succeeded at 16:21:01.176820 after 177.78 seconds
[0m16:21:01.178073 [debug] [MainThread]: Sending event: {'category': 'dbt', 'action': 'invocation', 'label': 'end', 'context': [<snowplow_tracker.self_describing_json.SelfDescribingJson object at 0x7efe7f1d8a30>, <snowplow_tracker.self_describing_json.SelfDescribingJson object at 0x7efe6f6b2c20>, <snowplow_tracker.self_describing_json.SelfDescribingJson object at 0x7efe6f6b2110>]}
[0m16:21:01.179062 [debug] [MainThread]: Flushing usage events
[0m16:31:49.417919 [debug] [MainThread]: Sending event: {'category': 'dbt', 'action': 'invocation', 'label': 'start', 'context': [<snowplow_tracker.self_describing_json.SelfDescribingJson object at 0x7f42e859ca60>, <snowplow_tracker.self_describing_json.SelfDescribingJson object at 0x7f42e7371c30>, <snowplow_tracker.self_describing_json.SelfDescribingJson object at 0x7f42e7372380>]}


============================== 16:31:49.422115 | d1c4c1da-8bdd-4041-89c1-ad95e537d1f9 ==============================
[0m16:31:49.422115 [info ] [MainThread]: Running with dbt=1.5.3
[0m16:31:49.422952 [debug] [MainThread]: running dbt with arguments {'printer_width': '80', 'indirect_selection': 'eager', 'write_json': 'True', 'log_cache_events': 'False', 'partial_parse': 'True', 'cache_selected_only': 'False', 'profiles_dir': '/home/nayara/.dbt', 'fail_fast': 'False', 'version_check': 'True', 'log_path': 'logs', 'debug': 'False', 'warn_error': 'None', 'use_colors': 'True', 'use_experimental_parser': 'False', 'no_print': 'None', 'quiet': 'False', 'warn_error_options': 'WarnErrorOptions(include=[], exclude=[])', 'introspect': 'True', 'log_format': 'default', 'static_parser': 'True', 'target_path': 'None', 'send_anonymous_usage_stats': 'True'}
[0m16:32:47.732576 [debug] [MainThread]: Starter project path: /home/nayara/.local/lib/python3.10/site-packages/dbt/include/starter_project
[0m16:34:30.452511 [info ] [MainThread]: Profile bank_marketing written to /home/nayara/.dbt/profiles.yml using target's profile_template.yml and your supplied values. Run 'dbt debug' to validate the connection.
[0m16:34:30.453350 [info ] [MainThread]: 
Your new dbt project "bank_marketing" was created!

For more information on how to configure the profiles.yml file,
please consult the dbt documentation here:

  https://docs.getdbt.com/docs/configure-your-profile

One more thing:

Need help? Don't hesitate to reach out to us via GitHub issues or on Slack:

  https://community.getdbt.com/

Happy modeling!

[0m16:34:30.454346 [debug] [MainThread]: Command `dbt init` succeeded at 16:34:30.454184 after 161.05 seconds
[0m16:34:30.454847 [debug] [MainThread]: Sending event: {'category': 'dbt', 'action': 'invocation', 'label': 'end', 'context': [<snowplow_tracker.self_describing_json.SelfDescribingJson object at 0x7f42e859ca60>, <snowplow_tracker.self_describing_json.SelfDescribingJson object at 0x7f42d896a890>, <snowplow_tracker.self_describing_json.SelfDescribingJson object at 0x7f42d8969780>]}
[0m16:34:30.455347 [debug] [MainThread]: Flushing usage events
[0m16:47:31.777961 [debug] [MainThread]: Sending event: {'category': 'dbt', 'action': 'invocation', 'label': 'start', 'context': [<snowplow_tracker.self_describing_json.SelfDescribingJson object at 0x7f9633aa0a30>, <snowplow_tracker.self_describing_json.SelfDescribingJson object at 0x7f9632879c00>, <snowplow_tracker.self_describing_json.SelfDescribingJson object at 0x7f963287a350>]}


============================== 16:47:31.780990 | 2c663072-2dc1-4268-b298-8c570f84116e ==============================
[0m16:47:31.780990 [info ] [MainThread]: Running with dbt=1.5.3
[0m16:47:31.781755 [debug] [MainThread]: running dbt with arguments {'printer_width': '80', 'indirect_selection': 'eager', 'write_json': 'True', 'log_cache_events': 'False', 'partial_parse': 'True', 'cache_selected_only': 'False', 'warn_error': 'None', 'fail_fast': 'False', 'debug': 'False', 'log_path': 'logs', 'profiles_dir': '/home/nayara/.dbt', 'version_check': 'True', 'use_colors': 'True', 'use_experimental_parser': 'False', 'no_print': 'None', 'quiet': 'False', 'log_format': 'default', 'introspect': 'True', 'static_parser': 'True', 'warn_error_options': 'WarnErrorOptions(include=[], exclude=[])', 'target_path': 'None', 'send_anonymous_usage_stats': 'True'}
[0m16:47:31.782326 [info ] [MainThread]: dbt version: 1.5.3
[0m16:47:31.782930 [info ] [MainThread]: python version: 3.10.12
[0m16:47:31.783473 [info ] [MainThread]: python path: /usr/bin/python3
[0m16:47:31.783948 [info ] [MainThread]: os info: Linux-6.2.0-33-generic-x86_64-with-glibc2.35
[0m16:47:31.784410 [info ] [MainThread]: Using profiles.yml file at /home/nayara/.dbt/profiles.yml
[0m16:47:31.784891 [info ] [MainThread]: Using dbt_project.yml file at /home/nayara/Downloads/eng_dados/estudo/projetos/dbt-bank-marketing/dbt_project.yml
[0m16:47:31.785367 [info ] [MainThread]: Configuration:
[0m16:47:32.499088 [info ] [MainThread]:   profiles.yml file [[32mOK found and valid[0m]
[0m16:47:32.499802 [info ] [MainThread]:   dbt_project.yml file [[31mERROR not found[0m]
[0m16:47:32.500407 [info ] [MainThread]: Required dependencies:
[0m16:47:32.500976 [debug] [MainThread]: Executing "git --help"
[0m16:47:32.507855 [debug] [MainThread]: STDOUT: "b"usage: git [--version] [--help] [-C <path>] [-c <name>=<value>]\n           [--exec-path[=<path>]] [--html-path] [--man-path] [--info-path]\n           [-p | --paginate | -P | --no-pager] [--no-replace-objects] [--bare]\n           [--git-dir=<path>] [--work-tree=<path>] [--namespace=<name>]\n           [--super-prefix=<path>] [--config-env=<name>=<envvar>]\n           <command> [<args>]\n\nThese are common Git commands used in various situations:\n\nstart a working area (see also: git help tutorial)\n   clone     Clone a repository into a new directory\n   init      Create an empty Git repository or reinitialize an existing one\n\nwork on the current change (see also: git help everyday)\n   add       Add file contents to the index\n   mv        Move or rename a file, a directory, or a symlink\n   restore   Restore working tree files\n   rm        Remove files from the working tree and from the index\n\nexamine the history and state (see also: git help revisions)\n   bisect    Use binary search to find the commit that introduced a bug\n   diff      Show changes between commits, commit and working tree, etc\n   grep      Print lines matching a pattern\n   log       Show commit logs\n   show      Show various types of objects\n   status    Show the working tree status\n\ngrow, mark and tweak your common history\n   branch    List, create, or delete branches\n   commit    Record changes to the repository\n   merge     Join two or more development histories together\n   rebase    Reapply commits on top of another base tip\n   reset     Reset current HEAD to the specified state\n   switch    Switch branches\n   tag       Create, list, delete or verify a tag object signed with GPG\n\ncollaborate (see also: git help workflows)\n   fetch     Download objects and refs from another repository\n   pull      Fetch from and integrate with another repository or a local branch\n   push      Update remote refs along with associated objects\n\n'git help -a' and 'git help -g' list available subcommands and some\nconcept guides. See 'git help <command>' or 'git help <concept>'\nto read about a specific subcommand or concept.\nSee 'git help git' for an overview of the system.\n""
[0m16:47:32.508979 [debug] [MainThread]: STDERR: "b''"
[0m16:47:32.509398 [info ] [MainThread]:  - git [[32mOK found[0m]

[0m16:47:32.509917 [info ] [MainThread]: [31m1 check failed:[0m
[0m16:47:32.510408 [info ] [MainThread]: Could not load dbt_project.yml

[0m16:47:32.511377 [debug] [MainThread]: Command `dbt debug` failed at 16:47:32.511234 after 0.74 seconds
[0m16:47:32.511844 [debug] [MainThread]: Sending event: {'category': 'dbt', 'action': 'invocation', 'label': 'end', 'context': [<snowplow_tracker.self_describing_json.SelfDescribingJson object at 0x7f9633aa0a30>, <snowplow_tracker.self_describing_json.SelfDescribingJson object at 0x7f9623eb9540>, <snowplow_tracker.self_describing_json.SelfDescribingJson object at 0x7f9623eb8730>]}
[0m16:47:32.512327 [debug] [MainThread]: Flushing usage events
[0m16:48:21.208771 [debug] [MainThread]: Sending event: {'category': 'dbt', 'action': 'invocation', 'label': 'start', 'context': [<snowplow_tracker.self_describing_json.SelfDescribingJson object at 0x7f4008284a90>, <snowplow_tracker.self_describing_json.SelfDescribingJson object at 0x7f4007059c60>, <snowplow_tracker.self_describing_json.SelfDescribingJson object at 0x7f400705a3b0>]}


============================== 16:48:21.211802 | 807c1f95-a492-4cdb-8e31-2863f38f9d68 ==============================
[0m16:48:21.211802 [info ] [MainThread]: Running with dbt=1.5.3
[0m16:48:21.212622 [debug] [MainThread]: running dbt with arguments {'printer_width': '80', 'indirect_selection': 'eager', 'log_cache_events': 'False', 'write_json': 'True', 'partial_parse': 'True', 'cache_selected_only': 'False', 'profiles_dir': '/home/nayara/.dbt', 'version_check': 'True', 'warn_error': 'None', 'log_path': 'logs', 'fail_fast': 'False', 'debug': 'False', 'use_colors': 'True', 'use_experimental_parser': 'False', 'no_print': 'None', 'quiet': 'False', 'log_format': 'default', 'introspect': 'True', 'static_parser': 'True', 'warn_error_options': 'WarnErrorOptions(include=[], exclude=[])', 'target_path': 'None', 'send_anonymous_usage_stats': 'True'}
[0m16:48:21.213215 [info ] [MainThread]: dbt version: 1.5.3
[0m16:48:21.213760 [info ] [MainThread]: python version: 3.10.12
[0m16:48:21.214321 [info ] [MainThread]: python path: /usr/bin/python3
[0m16:48:21.214858 [info ] [MainThread]: os info: Linux-6.2.0-33-generic-x86_64-with-glibc2.35
[0m16:48:21.215343 [info ] [MainThread]: Using profiles.yml file at /home/nayara/.dbt/profiles.yml
[0m16:48:21.215824 [info ] [MainThread]: Using dbt_project.yml file at /home/nayara/Downloads/eng_dados/estudo/projetos/dbt-bank-marketing/dbt_project.yml
[0m16:48:21.216292 [info ] [MainThread]: Configuration:
[0m16:48:21.911630 [info ] [MainThread]:   profiles.yml file [[32mOK found and valid[0m]
[0m16:48:21.912351 [info ] [MainThread]:   dbt_project.yml file [[31mERROR not found[0m]
[0m16:48:21.913003 [info ] [MainThread]: Required dependencies:
[0m16:48:21.913534 [debug] [MainThread]: Executing "git --help"
[0m16:48:21.916613 [debug] [MainThread]: STDOUT: "b"usage: git [--version] [--help] [-C <path>] [-c <name>=<value>]\n           [--exec-path[=<path>]] [--html-path] [--man-path] [--info-path]\n           [-p | --paginate | -P | --no-pager] [--no-replace-objects] [--bare]\n           [--git-dir=<path>] [--work-tree=<path>] [--namespace=<name>]\n           [--super-prefix=<path>] [--config-env=<name>=<envvar>]\n           <command> [<args>]\n\nThese are common Git commands used in various situations:\n\nstart a working area (see also: git help tutorial)\n   clone     Clone a repository into a new directory\n   init      Create an empty Git repository or reinitialize an existing one\n\nwork on the current change (see also: git help everyday)\n   add       Add file contents to the index\n   mv        Move or rename a file, a directory, or a symlink\n   restore   Restore working tree files\n   rm        Remove files from the working tree and from the index\n\nexamine the history and state (see also: git help revisions)\n   bisect    Use binary search to find the commit that introduced a bug\n   diff      Show changes between commits, commit and working tree, etc\n   grep      Print lines matching a pattern\n   log       Show commit logs\n   show      Show various types of objects\n   status    Show the working tree status\n\ngrow, mark and tweak your common history\n   branch    List, create, or delete branches\n   commit    Record changes to the repository\n   merge     Join two or more development histories together\n   rebase    Reapply commits on top of another base tip\n   reset     Reset current HEAD to the specified state\n   switch    Switch branches\n   tag       Create, list, delete or verify a tag object signed with GPG\n\ncollaborate (see also: git help workflows)\n   fetch     Download objects and refs from another repository\n   pull      Fetch from and integrate with another repository or a local branch\n   push      Update remote refs along with associated objects\n\n'git help -a' and 'git help -g' list available subcommands and some\nconcept guides. See 'git help <command>' or 'git help <concept>'\nto read about a specific subcommand or concept.\nSee 'git help git' for an overview of the system.\n""
[0m16:48:21.917162 [debug] [MainThread]: STDERR: "b''"
[0m16:48:21.917528 [info ] [MainThread]:  - git [[32mOK found[0m]

[0m16:48:21.918126 [info ] [MainThread]: [31m1 check failed:[0m
[0m16:48:21.918684 [info ] [MainThread]: Could not load dbt_project.yml

[0m16:48:21.919685 [debug] [MainThread]: Command `dbt debug` failed at 16:48:21.919492 after 0.72 seconds
[0m16:48:21.920229 [debug] [MainThread]: Sending event: {'category': 'dbt', 'action': 'invocation', 'label': 'end', 'context': [<snowplow_tracker.self_describing_json.SelfDescribingJson object at 0x7f4008284a90>, <snowplow_tracker.self_describing_json.SelfDescribingJson object at 0x7f3ff87b9510>, <snowplow_tracker.self_describing_json.SelfDescribingJson object at 0x7f3ff87b8910>]}
[0m16:48:21.920722 [debug] [MainThread]: Flushing usage events
[0m03:45:35.411089 [debug] [MainThread]: Sending event: {'category': 'dbt', 'action': 'invocation', 'label': 'start', 'context': [<snowplow_tracker.self_describing_json.SelfDescribingJson object at 0x7f99e1794ac0>, <snowplow_tracker.self_describing_json.SelfDescribingJson object at 0x7f99e056ed70>, <snowplow_tracker.self_describing_json.SelfDescribingJson object at 0x7f99e056ed10>]}


============================== 03:45:35.414828 | 7f1e61b9-f151-44c5-9e14-5266ee8eb80c ==============================
[0m03:45:35.414828 [info ] [MainThread]: Running with dbt=1.5.3
[0m03:45:35.415548 [debug] [MainThread]: running dbt with arguments {'printer_width': '80', 'indirect_selection': 'eager', 'log_cache_events': 'False', 'write_json': 'True', 'partial_parse': 'True', 'cache_selected_only': 'False', 'warn_error': 'None', 'debug': 'False', 'version_check': 'True', 'log_path': 'logs', 'profiles_dir': '/home/nayara/.dbt', 'fail_fast': 'False', 'use_colors': 'True', 'use_experimental_parser': 'False', 'no_print': 'None', 'quiet': 'False', 'warn_error_options': 'WarnErrorOptions(include=[], exclude=[])', 'static_parser': 'True', 'log_format': 'default', 'introspect': 'True', 'target_path': 'None', 'send_anonymous_usage_stats': 'True'}
[0m03:45:35.416154 [error] [MainThread]: Encountered an error:
Runtime Error
  No dbt_project.yml found at expected path /home/nayara/Downloads/eng_dados/estudo/projetos/dbt-bank-marketing/dbt_project.yml
  Verify that each entry within packages.yml (and their transitive dependencies) contains a file named dbt_project.yml
  
[0m03:45:35.417112 [debug] [MainThread]: Command `dbt run` failed at 03:45:35.416982 after 0.02 seconds
[0m03:45:35.417530 [debug] [MainThread]: Sending event: {'category': 'dbt', 'action': 'invocation', 'label': 'end', 'context': [<snowplow_tracker.self_describing_json.SelfDescribingJson object at 0x7f99e1794ac0>, <snowplow_tracker.self_describing_json.SelfDescribingJson object at 0x7f99e056ec80>, <snowplow_tracker.self_describing_json.SelfDescribingJson object at 0x7f99e056eef0>]}
[0m03:45:35.417957 [debug] [MainThread]: Flushing usage events
[0m17:10:17.890378 [debug] [MainThread]: Sending event: {'category': 'dbt', 'action': 'invocation', 'label': 'start', 'context': [<snowplow_tracker.self_describing_json.SelfDescribingJson object at 0x7f65a6798a60>, <snowplow_tracker.self_describing_json.SelfDescribingJson object at 0x7f65a5572d10>, <snowplow_tracker.self_describing_json.SelfDescribingJson object at 0x7f65a5572cb0>]}


============================== 17:10:17.895393 | b66e75db-9db6-4bc9-b101-58bb6321d301 ==============================
[0m17:10:17.895393 [info ] [MainThread]: Running with dbt=1.5.3
[0m17:10:17.896289 [debug] [MainThread]: running dbt with arguments {'printer_width': '80', 'indirect_selection': 'eager', 'log_cache_events': 'False', 'write_json': 'True', 'partial_parse': 'True', 'cache_selected_only': 'False', 'profiles_dir': '/home/nayara/.dbt', 'fail_fast': 'False', 'debug': 'False', 'log_path': 'logs', 'version_check': 'True', 'warn_error': 'None', 'use_colors': 'True', 'use_experimental_parser': 'False', 'no_print': 'None', 'quiet': 'False', 'warn_error_options': 'WarnErrorOptions(include=[], exclude=[])', 'introspect': 'True', 'log_format': 'default', 'static_parser': 'True', 'target_path': 'None', 'send_anonymous_usage_stats': 'True'}
[0m17:10:17.896892 [error] [MainThread]: Encountered an error:
Runtime Error
  No dbt_project.yml found at expected path /home/nayara/Downloads/eng_dados/estudo/projetos/dbt-bank-marketing/dbt_project.yml
  Verify that each entry within packages.yml (and their transitive dependencies) contains a file named dbt_project.yml
  
[0m17:10:17.897771 [debug] [MainThread]: Command `dbt run` failed at 17:10:17.897639 after 0.02 seconds
[0m17:10:17.898189 [debug] [MainThread]: Sending event: {'category': 'dbt', 'action': 'invocation', 'label': 'end', 'context': [<snowplow_tracker.self_describing_json.SelfDescribingJson object at 0x7f65a6798a60>, <snowplow_tracker.self_describing_json.SelfDescribingJson object at 0x7f65a5572c20>, <snowplow_tracker.self_describing_json.SelfDescribingJson object at 0x7f65a5572e90>]}
[0m17:10:17.898630 [debug] [MainThread]: Flushing usage events
[0m17:12:59.123199 [debug] [MainThread]: Sending event: {'category': 'dbt', 'action': 'invocation', 'label': 'start', 'context': [<snowplow_tracker.self_describing_json.SelfDescribingJson object at 0x7fe944b94a00>, <snowplow_tracker.self_describing_json.SelfDescribingJson object at 0x7fe94396ec20>, <snowplow_tracker.self_describing_json.SelfDescribingJson object at 0x7fe94396ebc0>]}


============================== 17:12:59.126185 | 102ce4c6-af09-467d-9c69-de750476ec1f ==============================
[0m17:12:59.126185 [info ] [MainThread]: Running with dbt=1.5.3
[0m17:12:59.126998 [debug] [MainThread]: running dbt with arguments {'printer_width': '80', 'indirect_selection': 'eager', 'log_cache_events': 'False', 'write_json': 'True', 'partial_parse': 'True', 'cache_selected_only': 'False', 'profiles_dir': '/home/nayara/.dbt', 'version_check': 'True', 'debug': 'False', 'log_path': 'logs', 'fail_fast': 'False', 'warn_error': 'None', 'use_colors': 'True', 'use_experimental_parser': 'False', 'no_print': 'None', 'quiet': 'False', 'log_format': 'default', 'introspect': 'True', 'warn_error_options': 'WarnErrorOptions(include=[], exclude=[])', 'static_parser': 'True', 'target_path': 'None', 'send_anonymous_usage_stats': 'True'}
[0m17:12:59.127607 [error] [MainThread]: Encountered an error:
Runtime Error
  No dbt_project.yml found at expected path /home/nayara/Downloads/eng_dados/estudo/projetos/dbt-bank-marketing/dbt_project.yml
  Verify that each entry within packages.yml (and their transitive dependencies) contains a file named dbt_project.yml
  
[0m17:12:59.128585 [debug] [MainThread]: Command `dbt run` failed at 17:12:59.128452 after 0.02 seconds
[0m17:12:59.129014 [debug] [MainThread]: Sending event: {'category': 'dbt', 'action': 'invocation', 'label': 'end', 'context': [<snowplow_tracker.self_describing_json.SelfDescribingJson object at 0x7fe944b94a00>, <snowplow_tracker.self_describing_json.SelfDescribingJson object at 0x7fe94396eb30>, <snowplow_tracker.self_describing_json.SelfDescribingJson object at 0x7fe94396eda0>]}
[0m17:12:59.129455 [debug] [MainThread]: Flushing usage events
